[2021-11-17 14:44:17] [INFO]    [OmnipathR] Initialized cache: `/Users/aureliendugourd/Library/Caches/OmnipathR`.
[2021-11-17 14:44:17] [INFO]    [OmnipathR] Welcome to OmnipathR!
[2021-11-17 14:45:06] [INFO]    [OmnipathR] Cache record does not exist: `https://omnipathdb.org/interactions?genesymbols=yes&datasets=dorothea&organisms=9606&dorothea_levels=A,B,C&fields=sources,references,curation_effort,dorothea_level&license=academic`
[2021-11-17 14:45:06] [INFO]    [OmnipathR] Retrieving URL: `https://omnipathdb.org/interactions?genesymbols=yes&datasets=dorothea&organisms=9606&dorothea_levels=A,B,C&fields=sources,references,curation_effort,dorothea_level&license=academic`
[2021-11-17 14:45:06] [TRACE]   [OmnipathR] Attempt 1/3: `https://omnipathdb.org/interactions?genesymbols=yes&datasets=dorothea&organisms=9606&dorothea_levels=A,B,C&fields=sources,references,curation_effort,dorothea_level&license=academic`
[2021-11-17 14:45:07] [INFO]    [OmnipathR] Cache item `4243c45a62b248b5f5e02b911f6e1a480f5a67ba` version 1: status changed from `unknown` to `started`.
[2021-11-17 14:45:07] [TRACE]   [OmnipathR] Exporting object to RDS: `/Users/aureliendugourd/Library/Caches/OmnipathR/4243c45a62b248b5f5e02b911f6e1a480f5a67ba-1.rds`.
[2021-11-17 14:45:07] [TRACE]   [OmnipathR] Exported RDS to `/Users/aureliendugourd/Library/Caches/OmnipathR/4243c45a62b248b5f5e02b911f6e1a480f5a67ba-1.rds`.
[2021-11-17 14:45:07] [INFO]    [OmnipathR] Download ready [key=4243c45a62b248b5f5e02b911f6e1a480f5a67ba, version=1]
[2021-11-17 14:45:07] [INFO]    [OmnipathR] Cache item `4243c45a62b248b5f5e02b911f6e1a480f5a67ba` version 1: status changed from `started` to `ready`.
[2021-11-17 14:45:07] [SUCCESS] [OmnipathR] Downloaded 0 interactions.
[2021-11-17 14:45:20] [INFO]    [OmnipathR] Cache record does not exist: `https://omnipathdb.org/interactions?genesymbols=yes&datasets=dorothea&organisms=9606&dorothea_levels=A,B&fields=sources,references,curation_effort,dorothea_level&license=academic`
[2021-11-17 14:45:20] [INFO]    [OmnipathR] Retrieving URL: `https://omnipathdb.org/interactions?genesymbols=yes&datasets=dorothea&organisms=9606&dorothea_levels=A,B&fields=sources,references,curation_effort,dorothea_level&license=academic`
[2021-11-17 14:45:20] [TRACE]   [OmnipathR] Attempt 1/3: `https://omnipathdb.org/interactions?genesymbols=yes&datasets=dorothea&organisms=9606&dorothea_levels=A,B&fields=sources,references,curation_effort,dorothea_level&license=academic`
[2021-11-17 14:45:21] [INFO]    [OmnipathR] Cache item `c7e3c723ef63704beb6465d92fb8c7925e19f176` version 1: status changed from `unknown` to `started`.
[2021-11-17 14:45:21] [TRACE]   [OmnipathR] Exporting object to RDS: `/Users/aureliendugourd/Library/Caches/OmnipathR/c7e3c723ef63704beb6465d92fb8c7925e19f176-1.rds`.
[2021-11-17 14:45:21] [TRACE]   [OmnipathR] Exported RDS to `/Users/aureliendugourd/Library/Caches/OmnipathR/c7e3c723ef63704beb6465d92fb8c7925e19f176-1.rds`.
[2021-11-17 14:45:21] [INFO]    [OmnipathR] Download ready [key=c7e3c723ef63704beb6465d92fb8c7925e19f176, version=1]
[2021-11-17 14:45:21] [INFO]    [OmnipathR] Cache item `c7e3c723ef63704beb6465d92fb8c7925e19f176` version 1: status changed from `started` to `ready`.
[2021-11-17 14:45:21] [SUCCESS] [OmnipathR] Downloaded 0 interactions.
[2021-11-17 14:45:25] [INFO]    [OmnipathR] Cache record does not exist: `https://omnipathdb.org/interactions?genesymbols=yes&datasets=dorothea&organisms=9606&dorothea_levels=A&fields=sources,references,curation_effort,dorothea_level&license=academic`
[2021-11-17 14:45:25] [INFO]    [OmnipathR] Retrieving URL: `https://omnipathdb.org/interactions?genesymbols=yes&datasets=dorothea&organisms=9606&dorothea_levels=A&fields=sources,references,curation_effort,dorothea_level&license=academic`
[2021-11-17 14:45:25] [TRACE]   [OmnipathR] Attempt 1/3: `https://omnipathdb.org/interactions?genesymbols=yes&datasets=dorothea&organisms=9606&dorothea_levels=A&fields=sources,references,curation_effort,dorothea_level&license=academic`
[2021-11-17 14:45:26] [INFO]    [OmnipathR] Cache item `64f0eaeec4b695e11e6f2abe93eff9d2b0dc8bff` version 1: status changed from `unknown` to `started`.
[2021-11-17 14:45:26] [TRACE]   [OmnipathR] Exporting object to RDS: `/Users/aureliendugourd/Library/Caches/OmnipathR/64f0eaeec4b695e11e6f2abe93eff9d2b0dc8bff-1.rds`.
[2021-11-17 14:45:26] [TRACE]   [OmnipathR] Exported RDS to `/Users/aureliendugourd/Library/Caches/OmnipathR/64f0eaeec4b695e11e6f2abe93eff9d2b0dc8bff-1.rds`.
[2021-11-17 14:45:26] [INFO]    [OmnipathR] Download ready [key=64f0eaeec4b695e11e6f2abe93eff9d2b0dc8bff, version=1]
[2021-11-17 14:45:26] [INFO]    [OmnipathR] Cache item `64f0eaeec4b695e11e6f2abe93eff9d2b0dc8bff` version 1: status changed from `started` to `ready`.
[2021-11-17 14:45:26] [SUCCESS] [OmnipathR] Downloaded 0 interactions.
[2021-11-17 14:45:34] [TRACE]   [OmnipathR] Loaded data from RDS `/Users/aureliendugourd/Library/Caches/OmnipathR/c7e3c723ef63704beb6465d92fb8c7925e19f176-1.rds`.
[2021-11-17 14:45:34] [INFO]    [OmnipathR] Loaded from cache: `https://omnipathdb.org/interactions?genesymbols=yes&datasets=dorothea&organisms=9606&dorothea_levels=A,B&fields=sources,references,curation_effort,dorothea_level&license=academic`
[2021-11-17 14:45:34] [SUCCESS] [OmnipathR] Loaded 0 interactions from cache.
[2021-11-17 14:46:05] [INFO]    [OmnipathR] Cache record does not exist: `https://omnipathdb.org/interactions?genesymbols=yes&resources=DoRothEA,ARACNe-GTEx_DoRothEA&datasets=dorothea&organisms=9606&dorothea_levels=A,B,C&fields=sources,references,curation_effort,dorothea_level&license=academic`
[2021-11-17 14:46:05] [INFO]    [OmnipathR] Retrieving URL: `https://omnipathdb.org/interactions?genesymbols=yes&resources=DoRothEA,ARACNe-GTEx_DoRothEA&datasets=dorothea&organisms=9606&dorothea_levels=A,B,C&fields=sources,references,curation_effort,dorothea_level&license=academic`
[2021-11-17 14:46:05] [TRACE]   [OmnipathR] Attempt 1/3: `https://omnipathdb.org/interactions?genesymbols=yes&resources=DoRothEA,ARACNe-GTEx_DoRothEA&datasets=dorothea&organisms=9606&dorothea_levels=A,B,C&fields=sources,references,curation_effort,dorothea_level&license=academic`
[2021-11-17 14:46:06] [INFO]    [OmnipathR] Cache item `ce66cb9846294c226acee9ccf50a608c089386dd` version 1: status changed from `unknown` to `started`.
[2021-11-17 14:46:06] [TRACE]   [OmnipathR] Exporting object to RDS: `/Users/aureliendugourd/Library/Caches/OmnipathR/ce66cb9846294c226acee9ccf50a608c089386dd-1.rds`.
[2021-11-17 14:46:06] [TRACE]   [OmnipathR] Exported RDS to `/Users/aureliendugourd/Library/Caches/OmnipathR/ce66cb9846294c226acee9ccf50a608c089386dd-1.rds`.
[2021-11-17 14:46:06] [INFO]    [OmnipathR] Download ready [key=ce66cb9846294c226acee9ccf50a608c089386dd, version=1]
[2021-11-17 14:46:06] [INFO]    [OmnipathR] Cache item `ce66cb9846294c226acee9ccf50a608c089386dd` version 1: status changed from `started` to `ready`.
[2021-11-17 14:46:06] [SUCCESS] [OmnipathR] Downloaded 0 interactions.
